d:\documents\hal課題\2年\he\hew_game\fairyandi\fairyandi\x64\debug\vc140.pdb
d:\documents\hal課題\2年\he\hew_game\fairyandi\fairyandi\x64\debug\vc140.idb
d:\documents\hal課題\2年\he\hew_game\fairyandi\fairyandi\x64\debug\background.obj
d:\documents\hal課題\2年\he\hew_game\fairyandi\fairyandi\x64\debug\button.obj
d:\documents\hal課題\2年\he\hew_game\fairyandi\fairyandi\x64\debug\trainingscene.obj
d:\documents\hal課題\2年\he\hew_game\fairyandi\fairyandi\x64\debug\gameover.obj
d:\documents\hal課題\2年\he\hew_game\fairyandi\fairyandi\x64\debug\gamepad.obj
d:\documents\hal課題\2年\he\hew_game\fairyandi\fairyandi\x64\debug\gamescene.obj
d:\documents\hal課題\2年\he\hew_game\fairyandi\fairyandi\x64\debug\inputmanager.obj
d:\documents\hal課題\2年\he\hew_game\fairyandi\fairyandi\x64\debug\keyboard.obj
d:\documents\hal課題\2年\he\hew_game\fairyandi\fairyandi\x64\debug\main.obj
d:\documents\hal課題\2年\he\hew_game\fairyandi\fairyandi\x64\debug\mouse.obj
d:\documents\hal課題\2年\he\hew_game\fairyandi\fairyandi\x64\debug\position.obj
d:\documents\hal課題\2年\he\hew_game\fairyandi\fairyandi\x64\debug\scenemanager.obj
d:\documents\hal課題\2年\he\hew_game\fairyandi\fairyandi\x64\debug\soundmanager.obj
d:\documents\hal課題\2年\he\hew_game\fairyandi\fairyandi\x64\debug\sprite.obj
d:\documents\hal課題\2年\he\hew_game\fairyandi\fairyandi\x64\debug\startbutton.obj
d:\documents\hal課題\2年\he\hew_game\fairyandi\fairyandi\x64\debug\title.obj
d:\documents\hal課題\2年\he\hew_game\fairyandi\fairyandi\x64\debug\wavcontroller.obj
d:\documents\hal課題\2年\he\hew_game\fairyandi\fairyandi\x64\debug\animationsprite.obj
d:\documents\hal課題\2年\he\hew_game\fairyandi\fairyandi\x64\debug\camera.obj
d:\documents\hal課題\2年\he\hew_game\fairyandi\fairyandi\x64\debug\debug.obj
d:\documents\hal課題\2年\he\hew_game\fairyandi\fairyandi\x64\debug\field.obj
d:\documents\hal課題\2年\he\hew_game\fairyandi\fairyandi\x64\debug\directionallight.obj
d:\documents\hal課題\2年\he\hew_game\fairyandi\fairyandi\x64\debug\flexiblecamera.obj
d:\documents\hal課題\2年\he\hew_game\fairyandi\fairyandi\x64\debug\trainingbutton.obj
d:\documents\hal課題\2年\he\hew_game\fairyandi\x64\debug\fairyandi.ilk
d:\documents\hal課題\2年\he\hew_game\fairyandi\x64\debug\fairyandi.exe
d:\documents\hal課題\2年\he\hew_game\fairyandi\x64\debug\fairyandi.pdb
d:\documents\hal課題\2年\he\hew_game\fairyandi\fairyandi\x64\debug\fairyandi.res
d:\documents\hal課題\2年\he\hew_game\fairyandi\fairyandi\x64\debug\fairyandi.tlog\cl.command.1.tlog
d:\documents\hal課題\2年\he\hew_game\fairyandi\fairyandi\x64\debug\fairyandi.tlog\cl.read.1.tlog
d:\documents\hal課題\2年\he\hew_game\fairyandi\fairyandi\x64\debug\fairyandi.tlog\cl.write.1.tlog
d:\documents\hal課題\2年\he\hew_game\fairyandi\fairyandi\x64\debug\fairyandi.tlog\link.command.1.tlog
d:\documents\hal課題\2年\he\hew_game\fairyandi\fairyandi\x64\debug\fairyandi.tlog\link.read.1.tlog
d:\documents\hal課題\2年\he\hew_game\fairyandi\fairyandi\x64\debug\fairyandi.tlog\link.write.1.tlog
d:\documents\hal課題\2年\he\hew_game\fairyandi\fairyandi\x64\debug\fairyandi.tlog\rc.command.1.tlog
d:\documents\hal課題\2年\he\hew_game\fairyandi\fairyandi\x64\debug\fairyandi.tlog\rc.read.1.tlog
d:\documents\hal課題\2年\he\hew_game\fairyandi\fairyandi\x64\debug\fairyandi.tlog\rc.write.1.tlog
