C:\Program Files (x86)\MSBuild\Microsoft.Cpp\v4.0\V140\Microsoft.CppBuild.targets(392,5): warning MSB8028: The intermediate directory (x64\Debug\) contains files shared from another project (SKATER_GIRL_RESTART.vcxproj).  This can lead to incorrect clean and rebuild behavior.
  WavController.cpp
  Title.cpp
  StartButton.cpp
  Sprite.cpp
  SoundManager.cpp
  SceneManager.cpp
  Position.cpp
  Mouse.cpp
  Main.cpp
  Keyboard.cpp
  InputManager.cpp
  GameScene.cpp
  GamePad.cpp
  GameOver.cpp
  Button.cpp
  BackGround.cpp
  コードを生成中...
  FairyAndI.vcxproj -> D:\Documents\HAL課題\2年\HE\HEW_GAME\FairyAndI\x64\Debug\FairyAndI.exe
  FairyAndI.vcxproj -> D:\Documents\HAL課題\2年\HE\HEW_GAME\FairyAndI\x64\Debug\FairyAndI.pdb (Partial PDB)
