d:\documents\hal課題\2年\dx\dx21\skater_girl_restart\skater_girl_restart\x64\debug\vc140.pdb
d:\documents\hal課題\2年\dx\dx21\skater_girl_restart\skater_girl_restart\x64\debug\vc140.idb
d:\documents\hal課題\2年\dx\dx21\skater_girl_restart\skater_girl_restart\x64\debug\background.obj
d:\documents\hal課題\2年\dx\dx21\skater_girl_restart\skater_girl_restart\x64\debug\button.obj
d:\documents\hal課題\2年\dx\dx21\skater_girl_restart\skater_girl_restart\x64\debug\gameover.obj
d:\documents\hal課題\2年\dx\dx21\skater_girl_restart\skater_girl_restart\x64\debug\gamepad.obj
d:\documents\hal課題\2年\dx\dx21\skater_girl_restart\skater_girl_restart\x64\debug\gamescene.obj
d:\documents\hal課題\2年\dx\dx21\skater_girl_restart\skater_girl_restart\x64\debug\inputmanager.obj
d:\documents\hal課題\2年\dx\dx21\skater_girl_restart\skater_girl_restart\x64\debug\keyboard.obj
d:\documents\hal課題\2年\dx\dx21\skater_girl_restart\skater_girl_restart\x64\debug\main.obj
d:\documents\hal課題\2年\dx\dx21\skater_girl_restart\skater_girl_restart\x64\debug\mouse.obj
d:\documents\hal課題\2年\dx\dx21\skater_girl_restart\skater_girl_restart\x64\debug\position.obj
d:\documents\hal課題\2年\dx\dx21\skater_girl_restart\skater_girl_restart\x64\debug\scenemanager.obj
d:\documents\hal課題\2年\dx\dx21\skater_girl_restart\skater_girl_restart\x64\debug\soundmanager.obj
d:\documents\hal課題\2年\dx\dx21\skater_girl_restart\skater_girl_restart\x64\debug\sprite.obj
d:\documents\hal課題\2年\dx\dx21\skater_girl_restart\skater_girl_restart\x64\debug\startbutton.obj
d:\documents\hal課題\2年\dx\dx21\skater_girl_restart\skater_girl_restart\x64\debug\title.obj
d:\documents\hal課題\2年\dx\dx21\skater_girl_restart\skater_girl_restart\x64\debug\wavcontroller.obj
d:\documents\hal課題\2年\dx\dx21\skater_girl_restart\x64\debug\skater_girl_restart.ilk
d:\documents\hal課題\2年\dx\dx21\skater_girl_restart\x64\debug\skater_girl_restart.exe
d:\documents\hal課題\2年\dx\dx21\skater_girl_restart\x64\debug\skater_girl_restart.pdb
d:\documents\hal課題\2年\dx\dx21\skater_girl_restart\skater_girl_restart\x64\debug\skater_girl_restart.res
d:\documents\hal課題\2年\dx\dx21\skater_girl_restart\skater_girl_restart\x64\debug\skater_g.7a9fb9d7.tlog\cl.command.1.tlog
d:\documents\hal課題\2年\dx\dx21\skater_girl_restart\skater_girl_restart\x64\debug\skater_g.7a9fb9d7.tlog\cl.read.1.tlog
d:\documents\hal課題\2年\dx\dx21\skater_girl_restart\skater_girl_restart\x64\debug\skater_g.7a9fb9d7.tlog\cl.write.1.tlog
d:\documents\hal課題\2年\dx\dx21\skater_girl_restart\skater_girl_restart\x64\debug\skater_g.7a9fb9d7.tlog\link.command.1.tlog
d:\documents\hal課題\2年\dx\dx21\skater_girl_restart\skater_girl_restart\x64\debug\skater_g.7a9fb9d7.tlog\link.read.1.tlog
d:\documents\hal課題\2年\dx\dx21\skater_girl_restart\skater_girl_restart\x64\debug\skater_g.7a9fb9d7.tlog\link.write.1.tlog
d:\documents\hal課題\2年\dx\dx21\skater_girl_restart\skater_girl_restart\x64\debug\skater_g.7a9fb9d7.tlog\rc.command.1.tlog
d:\documents\hal課題\2年\dx\dx21\skater_girl_restart\skater_girl_restart\x64\debug\skater_g.7a9fb9d7.tlog\rc.read.1.tlog
d:\documents\hal課題\2年\dx\dx21\skater_girl_restart\skater_girl_restart\x64\debug\skater_g.7a9fb9d7.tlog\rc.write.1.tlog
