d:\documents\hal課題\2年\he\hew_game\fairyandi\fairyandi\x64\release\vc140.pdb
d:\documents\hal課題\2年\he\hew_game\fairyandi\fairyandi\x64\release\ground.obj
d:\documents\hal課題\2年\he\hew_game\fairyandi\fairyandi\x64\release\grenade.obj
d:\documents\hal課題\2年\he\hew_game\fairyandi\fairyandi\x64\release\gimmickfactory.obj
d:\documents\hal課題\2年\he\hew_game\fairyandi\fairyandi\x64\release\firegimmick.obj
d:\documents\hal課題\2年\he\hew_game\fairyandi\fairyandi\x64\release\fade.obj
d:\documents\hal課題\2年\he\hew_game\fairyandi\fairyandi\x64\release\enemy.obj
d:\documents\hal課題\2年\he\hew_game\fairyandi\fairyandi\x64\release\element.obj
d:\documents\hal課題\2年\he\hew_game\fairyandi\fairyandi\x64\release\collisionmanager.obj
d:\documents\hal課題\2年\he\hew_game\fairyandi\fairyandi\x64\release\collision.obj
d:\documents\hal課題\2年\he\hew_game\fairyandi\fairyandi\x64\release\characterfactory.obj
d:\documents\hal課題\2年\he\hew_game\fairyandi\fairyandi\x64\release\canvas.obj
d:\documents\hal課題\2年\he\hew_game\fairyandi\fairyandi\x64\release\button.obj
d:\documents\hal課題\2年\he\hew_game\fairyandi\fairyandi\x64\release\bullet.obj
d:\documents\hal課題\2年\he\hew_game\fairyandi\fairyandi\x64\release\batterygimmick.obj
d:\documents\hal課題\2年\he\hew_game\fairyandi\fairyandi\x64\release\batterycannon.obj
d:\documents\hal課題\2年\he\hew_game\fairyandi\fairyandi\x64\release\backimage.obj
d:\documents\hal課題\2年\he\hew_game\fairyandi\fairyandi\x64\release\background.obj
d:\documents\hal課題\2年\he\hew_game\fairyandi\fairyandi\x64\release\animationmodelhierarchy.obj
d:\documents\hal課題\2年\he\hew_game\fairyandi\fairyandi\x64\release\animationmodel.obj
d:\documents\hal課題\2年\he\hew_game\fairyandi\fairyandi\x64\release\actormanager.obj
d:\documents\hal課題\2年\he\hew_game\fairyandi\fairyandi\x64\release\directionallight.obj
d:\documents\hal課題\2年\he\hew_game\fairyandi\fairyandi\x64\release\debug.obj
d:\documents\hal課題\2年\he\hew_game\fairyandi\fairyandi\x64\release\flexiblecamera.obj
d:\documents\hal課題\2年\he\hew_game\fairyandi\fairyandi\x64\release\fairy.obj
d:\documents\hal課題\2年\he\hew_game\fairyandi\fairyandi\x64\release\sideviewcamera.obj
d:\documents\hal課題\2年\he\hew_game\fairyandi\fairyandi\x64\release\wordmanager.obj
d:\documents\hal課題\2年\he\hew_game\fairyandi\fairyandi\x64\release\woodgimmick.obj
d:\documents\hal課題\2年\he\hew_game\fairyandi\fairyandi\x64\release\wall.obj
d:\documents\hal課題\2年\he\hew_game\fairyandi\fairyandi\x64\release\trap.obj
d:\documents\hal課題\2年\he\hew_game\fairyandi\fairyandi\x64\release\timer.obj
d:\documents\hal課題\2年\he\hew_game\fairyandi\fairyandi\x64\release\squaregauge.obj
d:\documents\hal課題\2年\he\hew_game\fairyandi\fairyandi\x64\release\sphere.obj
d:\documents\hal課題\2年\he\hew_game\fairyandi\fairyandi\x64\release\skillfactory.obj
d:\documents\hal課題\2年\he\hew_game\fairyandi\fairyandi\x64\release\selectscene.obj
d:\documents\hal課題\2年\he\hew_game\fairyandi\fairyandi\x64\release\objectfactory.obj
d:\documents\hal課題\2年\he\hew_game\fairyandi\fairyandi\x64\release\obb.obj
d:\documents\hal課題\2年\he\hew_game\fairyandi\fairyandi\x64\release\modelmanager.obj
d:\documents\hal課題\2年\he\hew_game\fairyandi\fairyandi\x64\release\skillbox.obj
d:\documents\hal課題\2年\he\hew_game\fairyandi\fairyandi\x64\release\icegimmick.obj
d:\documents\hal課題\2年\he\hew_game\fairyandi\fairyandi\x64\release\heart.obj
d:\documents\hal課題\2年\he\hew_game\fairyandi\fairyandi\x64\release\startbutton.obj
d:\documents\hal課題\2年\he\hew_game\fairyandi\fairyandi\x64\release\animationsprite.obj
d:\documents\hal課題\2年\he\hew_game\fairyandi\fairyandi\x64\release\soundmanager.obj
d:\documents\hal課題\2年\he\hew_game\fairyandi\fairyandi\x64\release\scenemanager.obj
d:\documents\hal課題\2年\he\hew_game\fairyandi\fairyandi\x64\release\mouse.obj
d:\documents\hal課題\2年\he\hew_game\fairyandi\fairyandi\x64\release\main.obj
d:\documents\hal課題\2年\he\hew_game\fairyandi\fairyandi\x64\release\keyboard.obj
d:\documents\hal課題\2年\he\hew_game\fairyandi\fairyandi\x64\release\inputmanager.obj
d:\documents\hal課題\2年\he\hew_game\fairyandi\fairyandi\x64\release\gamescene.obj
d:\documents\hal課題\2年\he\hew_game\fairyandi\fairyandi\x64\release\gamepad.obj
d:\documents\hal課題\2年\he\hew_game\fairyandi\fairyandi\x64\release\gameover.obj
d:\documents\hal課題\2年\he\hew_game\fairyandi\fairyandi\x64\release\trainingscene.obj
d:\documents\hal課題\2年\he\hew_game\fairyandi\fairyandi\x64\release\trainingbutton.obj
d:\documents\hal課題\2年\he\hew_game\fairyandi\fairyandi\x64\release\texturemanager.obj
d:\documents\hal課題\2年\he\hew_game\fairyandi\fairyandi\x64\release\sprite.obj
d:\documents\hal課題\2年\he\hew_game\fairyandi\fairyandi\x64\release\wordmenu.obj
d:\documents\hal課題\2年\he\hew_game\fairyandi\fairyandi\x64\release\wordlist.obj
d:\documents\hal課題\2年\he\hew_game\fairyandi\fairyandi\x64\release\selectmarker.obj
d:\documents\hal課題\2年\he\hew_game\fairyandi\fairyandi\x64\release\player.obj
d:\documents\hal課題\2年\he\hew_game\fairyandi\fairyandi\x64\release\field.obj
d:\documents\hal課題\2年\he\hew_game\fairyandi\fairyandi\x64\release\wordplate.obj
d:\documents\hal課題\2年\he\hew_game\fairyandi\fairyandi\x64\release\wavcontroller.obj
d:\documents\hal課題\2年\he\hew_game\fairyandi\fairyandi\x64\release\title.obj
d:\documents\hal課題\2年\he\hew_game\fairyandi\x64\release\fairyandi.exe
d:\documents\hal課題\2年\he\hew_game\fairyandi\x64\release\fairyandi.ipdb
d:\documents\hal課題\2年\he\hew_game\fairyandi\x64\release\fairyandi.iobj
d:\documents\hal課題\2年\he\hew_game\fairyandi\x64\release\fairyandi.pdb
d:\documents\hal課題\2年\he\hew_game\fairyandi\fairyandi\x64\release\fairyandi.res
d:\documents\hal課題\2年\he\hew_game\fairyandi\fairyandi\x64\release\nativecodeanalysis.read.1.tlog
d:\documents\hal課題\2年\he\hew_game\fairyandi\fairyandi\x64\release\actormanager.nativecodeanalysis.xml
d:\documents\hal課題\2年\he\hew_game\fairyandi\fairyandi\x64\release\animationmodel.nativecodeanalysis.xml
d:\documents\hal課題\2年\he\hew_game\fairyandi\fairyandi\x64\release\animationmodelhierarchy.nativecodeanalysis.xml
d:\documents\hal課題\2年\he\hew_game\fairyandi\fairyandi\x64\release\animationsprite.nativecodeanalysis.xml
d:\documents\hal課題\2年\he\hew_game\fairyandi\fairyandi\x64\release\background.nativecodeanalysis.xml
d:\documents\hal課題\2年\he\hew_game\fairyandi\fairyandi\x64\release\backimage.nativecodeanalysis.xml
d:\documents\hal課題\2年\he\hew_game\fairyandi\fairyandi\x64\release\batterycannon.nativecodeanalysis.xml
d:\documents\hal課題\2年\he\hew_game\fairyandi\fairyandi\x64\release\batterygimmick.nativecodeanalysis.xml
d:\documents\hal課題\2年\he\hew_game\fairyandi\fairyandi\x64\release\bullet.nativecodeanalysis.xml
d:\documents\hal課題\2年\he\hew_game\fairyandi\fairyandi\x64\release\button.nativecodeanalysis.xml
d:\documents\hal課題\2年\he\hew_game\fairyandi\fairyandi\x64\release\canvas.nativecodeanalysis.xml
d:\documents\hal課題\2年\he\hew_game\fairyandi\fairyandi\x64\release\characterfactory.nativecodeanalysis.xml
d:\documents\hal課題\2年\he\hew_game\fairyandi\fairyandi\x64\release\collision.nativecodeanalysis.xml
d:\documents\hal課題\2年\he\hew_game\fairyandi\fairyandi\x64\release\collisionmanager.nativecodeanalysis.xml
d:\documents\hal課題\2年\he\hew_game\fairyandi\fairyandi\x64\release\debug.nativecodeanalysis.xml
d:\documents\hal課題\2年\he\hew_game\fairyandi\fairyandi\x64\release\directionallight.nativecodeanalysis.xml
d:\documents\hal課題\2年\he\hew_game\fairyandi\fairyandi\x64\release\element.nativecodeanalysis.xml
d:\documents\hal課題\2年\he\hew_game\fairyandi\fairyandi\x64\release\enemy.nativecodeanalysis.xml
d:\documents\hal課題\2年\he\hew_game\fairyandi\fairyandi\x64\release\fade.nativecodeanalysis.xml
d:\documents\hal課題\2年\he\hew_game\fairyandi\fairyandi\x64\release\fairy.nativecodeanalysis.xml
d:\documents\hal課題\2年\he\hew_game\fairyandi\fairyandi\x64\release\field.nativecodeanalysis.xml
d:\documents\hal課題\2年\he\hew_game\fairyandi\fairyandi\x64\release\firegimmick.nativecodeanalysis.xml
d:\documents\hal課題\2年\he\hew_game\fairyandi\fairyandi\x64\release\flexiblecamera.nativecodeanalysis.xml
d:\documents\hal課題\2年\he\hew_game\fairyandi\fairyandi\x64\release\gameover.nativecodeanalysis.xml
d:\documents\hal課題\2年\he\hew_game\fairyandi\fairyandi\x64\release\gamepad.nativecodeanalysis.xml
d:\documents\hal課題\2年\he\hew_game\fairyandi\fairyandi\x64\release\gamescene.nativecodeanalysis.xml
d:\documents\hal課題\2年\he\hew_game\fairyandi\fairyandi\x64\release\gimmickfactory.nativecodeanalysis.xml
d:\documents\hal課題\2年\he\hew_game\fairyandi\fairyandi\x64\release\grenade.nativecodeanalysis.xml
d:\documents\hal課題\2年\he\hew_game\fairyandi\fairyandi\x64\release\ground.nativecodeanalysis.xml
d:\documents\hal課題\2年\he\hew_game\fairyandi\fairyandi\x64\release\heart.nativecodeanalysis.xml
d:\documents\hal課題\2年\he\hew_game\fairyandi\fairyandi\x64\release\icegimmick.nativecodeanalysis.xml
d:\documents\hal課題\2年\he\hew_game\fairyandi\fairyandi\x64\release\inputmanager.nativecodeanalysis.xml
d:\documents\hal課題\2年\he\hew_game\fairyandi\fairyandi\x64\release\keyboard.nativecodeanalysis.xml
d:\documents\hal課題\2年\he\hew_game\fairyandi\fairyandi\x64\release\main.nativecodeanalysis.xml
d:\documents\hal課題\2年\he\hew_game\fairyandi\fairyandi\x64\release\modelmanager.nativecodeanalysis.xml
d:\documents\hal課題\2年\he\hew_game\fairyandi\fairyandi\x64\release\mouse.nativecodeanalysis.xml
d:\documents\hal課題\2年\he\hew_game\fairyandi\fairyandi\x64\release\obb.nativecodeanalysis.xml
d:\documents\hal課題\2年\he\hew_game\fairyandi\fairyandi\x64\release\objectfactory.nativecodeanalysis.xml
d:\documents\hal課題\2年\he\hew_game\fairyandi\fairyandi\x64\release\player.nativecodeanalysis.xml
d:\documents\hal課題\2年\he\hew_game\fairyandi\fairyandi\x64\release\scenemanager.nativecodeanalysis.xml
d:\documents\hal課題\2年\he\hew_game\fairyandi\fairyandi\x64\release\selectmarker.nativecodeanalysis.xml
d:\documents\hal課題\2年\he\hew_game\fairyandi\fairyandi\x64\release\selectscene.nativecodeanalysis.xml
d:\documents\hal課題\2年\he\hew_game\fairyandi\fairyandi\x64\release\sideviewcamera.nativecodeanalysis.xml
d:\documents\hal課題\2年\he\hew_game\fairyandi\fairyandi\x64\release\skillbox.nativecodeanalysis.xml
d:\documents\hal課題\2年\he\hew_game\fairyandi\fairyandi\x64\release\skillfactory.nativecodeanalysis.xml
d:\documents\hal課題\2年\he\hew_game\fairyandi\fairyandi\x64\release\soundmanager.nativecodeanalysis.xml
d:\documents\hal課題\2年\he\hew_game\fairyandi\fairyandi\x64\release\sphere.nativecodeanalysis.xml
d:\documents\hal課題\2年\he\hew_game\fairyandi\fairyandi\x64\release\sprite.nativecodeanalysis.xml
d:\documents\hal課題\2年\he\hew_game\fairyandi\fairyandi\x64\release\squaregauge.nativecodeanalysis.xml
d:\documents\hal課題\2年\he\hew_game\fairyandi\fairyandi\x64\release\startbutton.nativecodeanalysis.xml
d:\documents\hal課題\2年\he\hew_game\fairyandi\fairyandi\x64\release\texturemanager.nativecodeanalysis.xml
d:\documents\hal課題\2年\he\hew_game\fairyandi\fairyandi\x64\release\timer.nativecodeanalysis.xml
d:\documents\hal課題\2年\he\hew_game\fairyandi\fairyandi\x64\release\title.nativecodeanalysis.xml
d:\documents\hal課題\2年\he\hew_game\fairyandi\fairyandi\x64\release\trainingbutton.nativecodeanalysis.xml
d:\documents\hal課題\2年\he\hew_game\fairyandi\fairyandi\x64\release\trainingscene.nativecodeanalysis.xml
d:\documents\hal課題\2年\he\hew_game\fairyandi\fairyandi\x64\release\trap.nativecodeanalysis.xml
d:\documents\hal課題\2年\he\hew_game\fairyandi\fairyandi\x64\release\vc.nativecodeanalysis.all.xml
d:\documents\hal課題\2年\he\hew_game\fairyandi\fairyandi\x64\release\wall.nativecodeanalysis.xml
d:\documents\hal課題\2年\he\hew_game\fairyandi\fairyandi\x64\release\wavcontroller.nativecodeanalysis.xml
d:\documents\hal課題\2年\he\hew_game\fairyandi\fairyandi\x64\release\woodgimmick.nativecodeanalysis.xml
d:\documents\hal課題\2年\he\hew_game\fairyandi\fairyandi\x64\release\wordlist.nativecodeanalysis.xml
d:\documents\hal課題\2年\he\hew_game\fairyandi\fairyandi\x64\release\wordmanager.nativecodeanalysis.xml
d:\documents\hal課題\2年\he\hew_game\fairyandi\fairyandi\x64\release\wordmenu.nativecodeanalysis.xml
d:\documents\hal課題\2年\he\hew_game\fairyandi\fairyandi\x64\release\wordplate.nativecodeanalysis.xml
d:\documents\hal課題\2年\he\hew_game\fairyandi\x64\release\fairyandi.exe.lastcodeanalysissucceeded
d:\documents\hal課題\2年\he\hew_game\fairyandi\fairyandi\x64\release\fairyandi.tlog\cl.command.1.tlog
d:\documents\hal課題\2年\he\hew_game\fairyandi\fairyandi\x64\release\fairyandi.tlog\cl.read.1.tlog
d:\documents\hal課題\2年\he\hew_game\fairyandi\fairyandi\x64\release\fairyandi.tlog\cl.write.1.tlog
d:\documents\hal課題\2年\he\hew_game\fairyandi\fairyandi\x64\release\fairyandi.tlog\link.command.1.tlog
d:\documents\hal課題\2年\he\hew_game\fairyandi\fairyandi\x64\release\fairyandi.tlog\link.read.1.tlog
d:\documents\hal課題\2年\he\hew_game\fairyandi\fairyandi\x64\release\fairyandi.tlog\link.write.1.tlog
d:\documents\hal課題\2年\he\hew_game\fairyandi\fairyandi\x64\release\fairyandi.tlog\rc.command.1.tlog
d:\documents\hal課題\2年\he\hew_game\fairyandi\fairyandi\x64\release\fairyandi.tlog\rc.read.1.tlog
d:\documents\hal課題\2年\he\hew_game\fairyandi\fairyandi\x64\release\fairyandi.tlog\rc.write.1.tlog
