d:\documents\hal課題\2年\dx\dx21\skater_girl_restart\skater_girl_restart\x64\release\vc140.pdb
d:\documents\hal課題\2年\dx\dx21\skater_girl_restart\skater_girl_restart\x64\release\wavcontroller.obj
d:\documents\hal課題\2年\dx\dx21\skater_girl_restart\skater_girl_restart\x64\release\title.obj
d:\documents\hal課題\2年\dx\dx21\skater_girl_restart\skater_girl_restart\x64\release\startbutton.obj
d:\documents\hal課題\2年\dx\dx21\skater_girl_restart\skater_girl_restart\x64\release\sprite.obj
d:\documents\hal課題\2年\dx\dx21\skater_girl_restart\skater_girl_restart\x64\release\soundmanager.obj
d:\documents\hal課題\2年\dx\dx21\skater_girl_restart\skater_girl_restart\x64\release\scenemanager.obj
d:\documents\hal課題\2年\dx\dx21\skater_girl_restart\skater_girl_restart\x64\release\position.obj
d:\documents\hal課題\2年\dx\dx21\skater_girl_restart\skater_girl_restart\x64\release\mouse.obj
d:\documents\hal課題\2年\dx\dx21\skater_girl_restart\skater_girl_restart\x64\release\main.obj
d:\documents\hal課題\2年\dx\dx21\skater_girl_restart\skater_girl_restart\x64\release\keyboard.obj
d:\documents\hal課題\2年\dx\dx21\skater_girl_restart\skater_girl_restart\x64\release\inputmanager.obj
d:\documents\hal課題\2年\dx\dx21\skater_girl_restart\skater_girl_restart\x64\release\gamescene.obj
d:\documents\hal課題\2年\dx\dx21\skater_girl_restart\skater_girl_restart\x64\release\gamepad.obj
d:\documents\hal課題\2年\dx\dx21\skater_girl_restart\skater_girl_restart\x64\release\gameover.obj
d:\documents\hal課題\2年\dx\dx21\skater_girl_restart\skater_girl_restart\x64\release\button.obj
d:\documents\hal課題\2年\dx\dx21\skater_girl_restart\skater_girl_restart\x64\release\background.obj
d:\documents\hal課題\2年\dx\dx21\skater_girl_restart\x64\release\skater_girl_restart.exe
d:\documents\hal課題\2年\dx\dx21\skater_girl_restart\x64\release\skater_girl_restart.ipdb
d:\documents\hal課題\2年\dx\dx21\skater_girl_restart\x64\release\skater_girl_restart.iobj
d:\documents\hal課題\2年\dx\dx21\skater_girl_restart\x64\release\skater_girl_restart.pdb
d:\documents\hal課題\2年\dx\dx21\skater_girl_restart\skater_girl_restart\x64\release\skater_girl_restart.res
d:\documents\hal課題\2年\dx\dx21\skater_girl_restart\skater_girl_restart\x64\release\skater_g.7a9fb9d7.tlog\cl.command.1.tlog
d:\documents\hal課題\2年\dx\dx21\skater_girl_restart\skater_girl_restart\x64\release\skater_g.7a9fb9d7.tlog\cl.read.1.tlog
d:\documents\hal課題\2年\dx\dx21\skater_girl_restart\skater_girl_restart\x64\release\skater_g.7a9fb9d7.tlog\cl.write.1.tlog
d:\documents\hal課題\2年\dx\dx21\skater_girl_restart\skater_girl_restart\x64\release\skater_g.7a9fb9d7.tlog\link.command.1.tlog
d:\documents\hal課題\2年\dx\dx21\skater_girl_restart\skater_girl_restart\x64\release\skater_g.7a9fb9d7.tlog\link.read.1.tlog
d:\documents\hal課題\2年\dx\dx21\skater_girl_restart\skater_girl_restart\x64\release\skater_g.7a9fb9d7.tlog\link.write.1.tlog
d:\documents\hal課題\2年\dx\dx21\skater_girl_restart\skater_girl_restart\x64\release\skater_g.7a9fb9d7.tlog\rc.command.1.tlog
d:\documents\hal課題\2年\dx\dx21\skater_girl_restart\skater_girl_restart\x64\release\skater_g.7a9fb9d7.tlog\rc.read.1.tlog
d:\documents\hal課題\2年\dx\dx21\skater_girl_restart\skater_girl_restart\x64\release\skater_g.7a9fb9d7.tlog\rc.write.1.tlog
